build/app/intermediates/manifest_merge_blame_file/release/manifest-merger-blame-release-report.txt
1<?xml version="1.0" encoding="utf-8"?>
2<manifest xmlns:android="http://schemas.android.com/apk/res/android"
3    package="com.example.mobileabsensi"
4    android:versionCode="1"
5    android:versionName="1.0.0" >
6
7    <uses-sdk
8        android:minSdkVersion="21"
8-->src\main\AndroidManifest.xml
9        android:targetSdkVersion="34" />
9-->src\main\AndroidManifest.xml
10
11    <uses-permission android:name="android.permission.INTERNET" />
11-->src\main\AndroidManifest.xml:2:5-67
11-->src\main\AndroidManifest.xml:2:22-64
12    <uses-permission android:name="android.permission.WRITE_EXTERNAL_STORAGE" />
12-->src\main\AndroidManifest.xml:3:5-81
12-->src\main\AndroidManifest.xml:3:22-78
13    <uses-permission android:name="android.permission.READ_EXTERNAL_STORAGE" />
13-->src\main\AndroidManifest.xml:4:5-80
13-->src\main\AndroidManifest.xml:4:22-77
14    <uses-permission android:name="android.permission.WAKE_LOCK" />
14-->src\main\AndroidManifest.xml:5:5-68
14-->src\main\AndroidManifest.xml:5:22-65
15    <uses-permission android:name="android.permission.VIBRATE" />
15-->src\main\AndroidManifest.xml:6:5-66
15-->src\main\AndroidManifest.xml:6:22-63
16    <uses-permission android:name="android.permission.ACCESS_NETWORK_STATE" />
16-->src\main\AndroidManifest.xml:7:5-79
16-->src\main\AndroidManifest.xml:7:22-76
17    <uses-permission android:name="android.permission.ACCESS_WIFI_STATE" />
17-->src\main\AndroidManifest.xml:8:5-76
17-->src\main\AndroidManifest.xml:8:22-73
18    <uses-permission android:name="android.permission.CHANGE_WIFI_STATE" />
18-->src\main\AndroidManifest.xml:9:5-76
18-->src\main\AndroidManifest.xml:9:22-73
19    <uses-permission android:name="android.permission.CAMERA" />
19-->src\main\AndroidManifest.xml:10:5-65
19-->src\main\AndroidManifest.xml:10:22-62
20    <uses-permission android:name="android.permission.RECEIVE_BOOT_COMPLETED" />
20-->src\main\AndroidManifest.xml:11:5-81
20-->src\main\AndroidManifest.xml:11:22-78
21
22    <uses-feature android:name="android.hardware.wifi" />
22-->src\main\AndroidManifest.xml:12:5-58
22-->src\main\AndroidManifest.xml:12:19-55
23
24    <!-- Permissions options for the `location` group -->
25    <uses-permission android:name="android.permission.ACCESS_FINE_LOCATION" />
25-->src\main\AndroidManifest.xml:15:5-79
25-->src\main\AndroidManifest.xml:15:22-76
26    <uses-permission android:name="android.permission.ACCESS_COARSE_LOCATION" />
26-->src\main\AndroidManifest.xml:16:5-81
26-->src\main\AndroidManifest.xml:16:22-78
27    <uses-permission android:name="android.permission.ACCESS_BACKGROUND_LOCATION" />
27-->src\main\AndroidManifest.xml:17:5-85
27-->src\main\AndroidManifest.xml:17:22-82
28    <uses-permission android:name="android.permission.READ_PHONE_STATE" />
28-->src\main\AndroidManifest.xml:18:5-74
28-->src\main\AndroidManifest.xml:18:22-72
29    <uses-permission android:name="android.permission.POST_NOTIFICATIONS" />
29-->[:awesome_notifications] AndroidManifest.xml:9:5-77
29-->[:awesome_notifications] AndroidManifest.xml:9:22-74
30    <uses-permission android:name="android.permission.BROADCAST_CLOSE_SYSTEM_DIALOGS" />
30-->[:awesome_notifications] AndroidManifest.xml:10:5-89
30-->[:awesome_notifications] AndroidManifest.xml:10:22-86
31    <uses-permission
31-->[me.carda:AndroidAwnCore:0.8.3] AndroidManifest.xml:10:5-12:38
32        android:name="android.permission.BIND_NOTIFICATION_LISTENER_SERVICE"
32-->[me.carda:AndroidAwnCore:0.8.3] AndroidManifest.xml:11:9-77
33        android:maxSdkVersion="22" /> <!-- Required by older versions of Google Play services to create IID tokens -->
33-->[me.carda:AndroidAwnCore:0.8.3] AndroidManifest.xml:12:9-35
34    <uses-permission android:name="com.google.android.c2dm.permission.RECEIVE" />
34-->[com.google.firebase:firebase-messaging:23.4.1] AndroidManifest.xml:26:5-82
34-->[com.google.firebase:firebase-messaging:23.4.1] AndroidManifest.xml:26:22-79
35    <uses-permission android:name="com.google.android.providers.gsf.permission.READ_GSERVICES" />
35-->[com.google.android.recaptcha:recaptcha:18.4.0] AndroidManifest.xml:9:5-98
35-->[com.google.android.recaptcha:recaptcha:18.4.0] AndroidManifest.xml:9:22-95
36
37    <permission
37-->[androidx.core:core:1.10.1] AndroidManifest.xml:22:5-24:47
38        android:name="com.example.mobileabsensi.DYNAMIC_RECEIVER_NOT_EXPORTED_PERMISSION"
38-->[androidx.core:core:1.10.1] AndroidManifest.xml:23:9-81
39        android:protectionLevel="signature" />
39-->[androidx.core:core:1.10.1] AndroidManifest.xml:24:9-44
40
41    <uses-permission android:name="com.example.mobileabsensi.DYNAMIC_RECEIVER_NOT_EXPORTED_PERMISSION" /> <!-- for android -->
41-->[androidx.core:core:1.10.1] AndroidManifest.xml:26:5-97
41-->[androidx.core:core:1.10.1] AndroidManifest.xml:26:22-94
42    <!-- <uses-permission android:name="com.android.launcher.permission.READ_SETTINGS"/> -->
43    <!-- <uses-permission android:name="com.android.launcher.permission.WRITE_SETTINGS"/> -->
44    <!-- <uses-permission android:name="com.android.launcher.permission.INSTALL_SHORTCUT" /> -->
45    <!-- <uses-permission android:name="com.android.launcher.permission.UNINSTALL_SHORTCUT" /> -->
46    <!-- for Samsung -->
47    <uses-permission android:name="com.sec.android.provider.badge.permission.READ" />
47-->[me.leolin:ShortcutBadger:1.1.22] AndroidManifest.xml:19:5-86
47-->[me.leolin:ShortcutBadger:1.1.22] AndroidManifest.xml:19:22-83
48    <uses-permission android:name="com.sec.android.provider.badge.permission.WRITE" /> <!-- for htc -->
48-->[me.leolin:ShortcutBadger:1.1.22] AndroidManifest.xml:20:5-87
48-->[me.leolin:ShortcutBadger:1.1.22] AndroidManifest.xml:20:22-84
49    <uses-permission android:name="com.htc.launcher.permission.READ_SETTINGS" />
49-->[me.leolin:ShortcutBadger:1.1.22] AndroidManifest.xml:23:5-81
49-->[me.leolin:ShortcutBadger:1.1.22] AndroidManifest.xml:23:22-78
50    <uses-permission android:name="com.htc.launcher.permission.UPDATE_SHORTCUT" /> <!-- for sony -->
50-->[me.leolin:ShortcutBadger:1.1.22] AndroidManifest.xml:24:5-83
50-->[me.leolin:ShortcutBadger:1.1.22] AndroidManifest.xml:24:22-80
51    <uses-permission android:name="com.sonyericsson.home.permission.BROADCAST_BADGE" />
51-->[me.leolin:ShortcutBadger:1.1.22] AndroidManifest.xml:27:5-88
51-->[me.leolin:ShortcutBadger:1.1.22] AndroidManifest.xml:27:22-85
52    <uses-permission android:name="com.sonymobile.home.permission.PROVIDER_INSERT_BADGE" /> <!-- for apex -->
52-->[me.leolin:ShortcutBadger:1.1.22] AndroidManifest.xml:28:5-92
52-->[me.leolin:ShortcutBadger:1.1.22] AndroidManifest.xml:28:22-89
53    <uses-permission android:name="com.anddoes.launcher.permission.UPDATE_COUNT" /> <!-- for solid -->
53-->[me.leolin:ShortcutBadger:1.1.22] AndroidManifest.xml:31:5-84
53-->[me.leolin:ShortcutBadger:1.1.22] AndroidManifest.xml:31:22-81
54    <uses-permission android:name="com.majeur.launcher.permission.UPDATE_BADGE" /> <!-- for huawei -->
54-->[me.leolin:ShortcutBadger:1.1.22] AndroidManifest.xml:34:5-83
54-->[me.leolin:ShortcutBadger:1.1.22] AndroidManifest.xml:34:22-80
55    <uses-permission android:name="com.huawei.android.launcher.permission.CHANGE_BADGE" />
55-->[me.leolin:ShortcutBadger:1.1.22] AndroidManifest.xml:37:5-91
55-->[me.leolin:ShortcutBadger:1.1.22] AndroidManifest.xml:37:22-88
56    <uses-permission android:name="com.huawei.android.launcher.permission.READ_SETTINGS" />
56-->[me.leolin:ShortcutBadger:1.1.22] AndroidManifest.xml:38:5-92
56-->[me.leolin:ShortcutBadger:1.1.22] AndroidManifest.xml:38:22-89
57    <uses-permission android:name="com.huawei.android.launcher.permission.WRITE_SETTINGS" /> <!-- for ZUK -->
57-->[me.leolin:ShortcutBadger:1.1.22] AndroidManifest.xml:39:5-93
57-->[me.leolin:ShortcutBadger:1.1.22] AndroidManifest.xml:39:22-90
58    <uses-permission android:name="android.permission.READ_APP_BADGE" /> <!-- for OPPO -->
58-->[me.leolin:ShortcutBadger:1.1.22] AndroidManifest.xml:42:5-73
58-->[me.leolin:ShortcutBadger:1.1.22] AndroidManifest.xml:42:22-70
59    <uses-permission android:name="com.oppo.launcher.permission.READ_SETTINGS" />
59-->[me.leolin:ShortcutBadger:1.1.22] AndroidManifest.xml:45:5-82
59-->[me.leolin:ShortcutBadger:1.1.22] AndroidManifest.xml:45:22-79
60    <uses-permission android:name="com.oppo.launcher.permission.WRITE_SETTINGS" /> <!-- for EvMe -->
60-->[me.leolin:ShortcutBadger:1.1.22] AndroidManifest.xml:46:5-83
60-->[me.leolin:ShortcutBadger:1.1.22] AndroidManifest.xml:46:22-80
61    <uses-permission android:name="me.everything.badger.permission.BADGE_COUNT_READ" />
61-->[me.leolin:ShortcutBadger:1.1.22] AndroidManifest.xml:49:5-88
61-->[me.leolin:ShortcutBadger:1.1.22] AndroidManifest.xml:49:22-85
62    <uses-permission android:name="me.everything.badger.permission.BADGE_COUNT_WRITE" />
62-->[me.leolin:ShortcutBadger:1.1.22] AndroidManifest.xml:50:5-89
62-->[me.leolin:ShortcutBadger:1.1.22] AndroidManifest.xml:50:22-86
63
64    <application
65        android:name="android.app.Application"
65-->src\main\AndroidManifest.xml:22:9-42
66        android:appComponentFactory="androidx.core.app.CoreComponentFactory"
66-->[androidx.core:core:1.10.1] AndroidManifest.xml:28:18-86
67        android:enableOnBackInvokedCallback="true"
67-->src\main\AndroidManifest.xml:24:9-51
68        android:icon="@mipmap/launcher_icon"
68-->src\main\AndroidManifest.xml:23:9-45
69        android:label="mobileabsensi" >
69-->src\main\AndroidManifest.xml:21:9-38
70        <activity
70-->src\main\AndroidManifest.xml:26:9-46:20
71            android:name="com.example.mobileabsensi.MainActivity"
71-->src\main\AndroidManifest.xml:27:13-41
72            android:configChanges="orientation|keyboardHidden|keyboard|screenSize|smallestScreenSize|locale|layoutDirection|fontScale|screenLayout|density|uiMode"
72-->src\main\AndroidManifest.xml:31:13-163
73            android:exported="true"
73-->src\main\AndroidManifest.xml:28:13-36
74            android:hardwareAccelerated="true"
74-->src\main\AndroidManifest.xml:32:13-47
75            android:launchMode="singleTop"
75-->src\main\AndroidManifest.xml:29:13-43
76            android:theme="@style/LaunchTheme"
76-->src\main\AndroidManifest.xml:30:13-47
77            android:windowSoftInputMode="adjustResize" >
77-->src\main\AndroidManifest.xml:33:13-55
78
79            <!--
80                 Specifies an Android theme to apply to this Activity as soon as
81                 the Android process has started. This theme is visible to the user
82                 while the Flutter UI initializes. After that, this theme continues
83                 to determine the Window background behind the Flutter UI.
84            -->
85            <meta-data
85-->src\main\AndroidManifest.xml:38:13-41:17
86                android:name="io.flutter.embedding.android.NormalTheme"
86-->src\main\AndroidManifest.xml:39:15-70
87                android:resource="@style/NormalTheme" />
87-->src\main\AndroidManifest.xml:40:15-52
88
89            <intent-filter>
89-->src\main\AndroidManifest.xml:42:13-45:29
90                <action android:name="android.intent.action.MAIN" />
90-->src\main\AndroidManifest.xml:43:17-68
90-->src\main\AndroidManifest.xml:43:25-66
91
92                <category android:name="android.intent.category.LAUNCHER" />
92-->src\main\AndroidManifest.xml:44:17-76
92-->src\main\AndroidManifest.xml:44:27-74
93            </intent-filter>
94        </activity>
95        <!--
96             Don't delete the meta-data below.
97             This is used by the Flutter tool to generate GeneratedPluginRegistrant.java
98        -->
99        <meta-data
99-->src\main\AndroidManifest.xml:49:9-51:33
100            android:name="flutterEmbedding"
100-->src\main\AndroidManifest.xml:50:13-44
101            android:value="2" />
101-->src\main\AndroidManifest.xml:51:13-30
102
103        <receiver
103-->[:awesome_notifications] AndroidManifest.xml:15:9-17:39
104            android:name="me.carda.awesome_notifications.DartNotificationActionReceiver"
104-->[:awesome_notifications] AndroidManifest.xml:16:13-89
105            android:exported="true" />
105-->[:awesome_notifications] AndroidManifest.xml:17:13-36
106        <receiver
106-->[:awesome_notifications] AndroidManifest.xml:18:9-20:39
107            android:name="me.carda.awesome_notifications.DartDismissedNotificationReceiver"
107-->[:awesome_notifications] AndroidManifest.xml:19:13-92
108            android:exported="true" />
108-->[:awesome_notifications] AndroidManifest.xml:20:13-36
109        <receiver
109-->[:awesome_notifications] AndroidManifest.xml:21:9-23:39
110            android:name="me.carda.awesome_notifications.DartScheduledNotificationReceiver"
110-->[:awesome_notifications] AndroidManifest.xml:22:13-92
111            android:exported="true" />
111-->[:awesome_notifications] AndroidManifest.xml:23:13-36
112        <receiver
112-->[:awesome_notifications] AndroidManifest.xml:24:9-38:20
113            android:name="me.carda.awesome_notifications.DartRefreshSchedulesReceiver"
113-->[:awesome_notifications] AndroidManifest.xml:25:13-87
114            android:enabled="true"
114-->[:awesome_notifications] AndroidManifest.xml:26:13-35
115            android:exported="true" >
115-->[:awesome_notifications] AndroidManifest.xml:27:13-36
116            <intent-filter>
116-->[:awesome_notifications] AndroidManifest.xml:28:13-37:29
117                <category android:name="android.intent.category.DEFAULT" />
117-->[:awesome_notifications] AndroidManifest.xml:29:17-76
117-->[:awesome_notifications] AndroidManifest.xml:29:27-73
118
119                <action android:name="android.intent.action.BOOT_COMPLETED" />
119-->[:awesome_notifications] AndroidManifest.xml:31:17-79
119-->[:awesome_notifications] AndroidManifest.xml:31:25-76
120                <action android:name="android.intent.action.LOCKED_BOOT_COMPLETED" />
120-->[:awesome_notifications] AndroidManifest.xml:32:17-86
120-->[:awesome_notifications] AndroidManifest.xml:32:25-83
121                <action android:name="android.intent.action.MY_PACKAGE_REPLACED" />
121-->[:awesome_notifications] AndroidManifest.xml:33:17-84
121-->[:awesome_notifications] AndroidManifest.xml:33:25-81
122                <action android:name="android.intent.action.QUICKBOOT_POWERON" />
122-->[:awesome_notifications] AndroidManifest.xml:34:17-82
122-->[:awesome_notifications] AndroidManifest.xml:34:25-79
123                <action android:name="com.htc.intent.action.QUICKBOOT_POWERON" />
123-->[:awesome_notifications] AndroidManifest.xml:35:17-82
123-->[:awesome_notifications] AndroidManifest.xml:35:25-79
124                <action android:name="android.app.action.SCHEDULE_EXACT_ALARM_PERMISSION_STATE_CHANGED" />
124-->[:awesome_notifications] AndroidManifest.xml:36:17-107
124-->[:awesome_notifications] AndroidManifest.xml:36:25-104
125            </intent-filter>
126        </receiver>
127
128        <service
128-->[:awesome_notifications] AndroidManifest.xml:40:9-43:72
129            android:name="me.carda.awesome_notifications.DartBackgroundService"
129-->[:awesome_notifications] AndroidManifest.xml:41:13-80
130            android:exported="false"
130-->[:awesome_notifications] AndroidManifest.xml:42:13-37
131            android:permission="android.permission.BIND_JOB_SERVICE" />
131-->[:awesome_notifications] AndroidManifest.xml:43:13-69
132        <service
132-->[:awesome_notifications] AndroidManifest.xml:44:9-49:43
133            android:name="me.carda.awesome_notifications.core.services.ForegroundService"
133-->[:awesome_notifications] AndroidManifest.xml:45:13-90
134            android:enabled="true"
134-->[:awesome_notifications] AndroidManifest.xml:46:13-35
135            android:exported="false"
135-->[:awesome_notifications] AndroidManifest.xml:47:13-37
136            android:foregroundServiceType="phoneCall"
136-->[:awesome_notifications] AndroidManifest.xml:48:13-54
137            android:stopWithTask="true" />
137-->[:awesome_notifications] AndroidManifest.xml:49:13-40
138        <service
138-->[:cloud_firestore] AndroidManifest.xml:10:9-14:19
139            android:name="com.google.firebase.components.ComponentDiscoveryService"
139-->[:cloud_firestore] AndroidManifest.xml:10:18-89
140            android:directBootAware="true"
140-->[com.google.firebase:firebase-common:20.4.3] AndroidManifest.xml:32:13-43
141            android:exported="false" >
141-->[com.google.firebase:firebase-auth:22.3.1] AndroidManifest.xml:68:13-37
142            <meta-data
142-->[:cloud_firestore] AndroidManifest.xml:11:13-13:85
143                android:name="com.google.firebase.components:io.flutter.plugins.firebase.firestore.FlutterFirebaseFirestoreRegistrar"
143-->[:cloud_firestore] AndroidManifest.xml:12:17-134
144                android:value="com.google.firebase.components.ComponentRegistrar" />
144-->[:cloud_firestore] AndroidManifest.xml:13:17-82
145            <meta-data
145-->[:firebase_auth] AndroidManifest.xml:11:13-13:85
146                android:name="com.google.firebase.components:io.flutter.plugins.firebase.auth.FlutterFirebaseAuthRegistrar"
146-->[:firebase_auth] AndroidManifest.xml:12:17-124
147                android:value="com.google.firebase.components.ComponentRegistrar" />
147-->[:firebase_auth] AndroidManifest.xml:13:17-82
148            <meta-data
148-->[:firebase_database] AndroidManifest.xml:11:13-13:85
149                android:name="com.google.firebase.components:io.flutter.plugins.firebase.database.FlutterFirebaseAppRegistrar"
149-->[:firebase_database] AndroidManifest.xml:12:17-127
150                android:value="com.google.firebase.components.ComponentRegistrar" />
150-->[:firebase_database] AndroidManifest.xml:13:17-82
151            <meta-data
151-->[:firebase_messaging] AndroidManifest.xml:38:13-40:85
152                android:name="com.google.firebase.components:io.flutter.plugins.firebase.messaging.FlutterFirebaseAppRegistrar"
152-->[:firebase_messaging] AndroidManifest.xml:39:17-128
153                android:value="com.google.firebase.components.ComponentRegistrar" />
153-->[:firebase_messaging] AndroidManifest.xml:40:17-82
154            <meta-data
154-->[:firebase_core] AndroidManifest.xml:11:13-13:85
155                android:name="com.google.firebase.components:io.flutter.plugins.firebase.core.FlutterFirebaseCoreRegistrar"
155-->[:firebase_core] AndroidManifest.xml:12:17-124
156                android:value="com.google.firebase.components.ComponentRegistrar" />
156-->[:firebase_core] AndroidManifest.xml:13:17-82
157            <meta-data
157-->[com.google.firebase:firebase-auth:22.3.1] AndroidManifest.xml:69:13-71:85
158                android:name="com.google.firebase.components:com.google.firebase.auth.FirebaseAuthRegistrar"
158-->[com.google.firebase:firebase-auth:22.3.1] AndroidManifest.xml:70:17-109
159                android:value="com.google.firebase.components.ComponentRegistrar" />
159-->[com.google.firebase:firebase-auth:22.3.1] AndroidManifest.xml:71:17-82
160            <meta-data
160-->[com.google.firebase:firebase-firestore:24.11.0] AndroidManifest.xml:17:13-19:85
161                android:name="com.google.firebase.components:com.google.firebase.firestore.FirebaseFirestoreKtxRegistrar"
161-->[com.google.firebase:firebase-firestore:24.11.0] AndroidManifest.xml:18:17-122
162                android:value="com.google.firebase.components.ComponentRegistrar" />
162-->[com.google.firebase:firebase-firestore:24.11.0] AndroidManifest.xml:19:17-82
163            <meta-data
163-->[com.google.firebase:firebase-firestore:24.11.0] AndroidManifest.xml:20:13-22:85
164                android:name="com.google.firebase.components:com.google.firebase.firestore.FirestoreRegistrar"
164-->[com.google.firebase:firebase-firestore:24.11.0] AndroidManifest.xml:21:17-111
165                android:value="com.google.firebase.components.ComponentRegistrar" />
165-->[com.google.firebase:firebase-firestore:24.11.0] AndroidManifest.xml:22:17-82
166            <meta-data
166-->[com.google.firebase:firebase-messaging:23.4.1] AndroidManifest.xml:57:13-59:85
167                android:name="com.google.firebase.components:com.google.firebase.messaging.FirebaseMessagingKtxRegistrar"
167-->[com.google.firebase:firebase-messaging:23.4.1] AndroidManifest.xml:58:17-122
168                android:value="com.google.firebase.components.ComponentRegistrar" />
168-->[com.google.firebase:firebase-messaging:23.4.1] AndroidManifest.xml:59:17-82
169            <meta-data
169-->[com.google.firebase:firebase-messaging:23.4.1] AndroidManifest.xml:60:13-62:85
170                android:name="com.google.firebase.components:com.google.firebase.messaging.FirebaseMessagingRegistrar"
170-->[com.google.firebase:firebase-messaging:23.4.1] AndroidManifest.xml:61:17-119
171                android:value="com.google.firebase.components.ComponentRegistrar" />
171-->[com.google.firebase:firebase-messaging:23.4.1] AndroidManifest.xml:62:17-82
172            <meta-data
172-->[com.google.firebase:firebase-iid:21.1.0] AndroidManifest.xml:32:13-34:85
173                android:name="com.google.firebase.components:com.google.firebase.iid.Registrar"
173-->[com.google.firebase:firebase-iid:21.1.0] AndroidManifest.xml:33:17-96
174                android:value="com.google.firebase.components.ComponentRegistrar" />
174-->[com.google.firebase:firebase-iid:21.1.0] AndroidManifest.xml:34:17-82
175            <meta-data
175-->[com.google.firebase:firebase-database:20.3.1] AndroidManifest.xml:29:13-31:85
176                android:name="com.google.firebase.components:com.google.firebase.database.FirebaseDatabaseKtxRegistrar"
176-->[com.google.firebase:firebase-database:20.3.1] AndroidManifest.xml:30:17-120
177                android:value="com.google.firebase.components.ComponentRegistrar" />
177-->[com.google.firebase:firebase-database:20.3.1] AndroidManifest.xml:31:17-82
178            <meta-data
178-->[com.google.firebase:firebase-database:20.3.1] AndroidManifest.xml:32:13-34:85
179                android:name="com.google.firebase.components:com.google.firebase.database.DatabaseRegistrar"
179-->[com.google.firebase:firebase-database:20.3.1] AndroidManifest.xml:33:17-109
180                android:value="com.google.firebase.components.ComponentRegistrar" />
180-->[com.google.firebase:firebase-database:20.3.1] AndroidManifest.xml:34:17-82
181            <meta-data
181-->[com.google.firebase:firebase-installations:17.2.0] AndroidManifest.xml:15:13-17:85
182                android:name="com.google.firebase.components:com.google.firebase.installations.FirebaseInstallationsKtxRegistrar"
182-->[com.google.firebase:firebase-installations:17.2.0] AndroidManifest.xml:16:17-130
183                android:value="com.google.firebase.components.ComponentRegistrar" />
183-->[com.google.firebase:firebase-installations:17.2.0] AndroidManifest.xml:17:17-82
184            <meta-data
184-->[com.google.firebase:firebase-installations:17.2.0] AndroidManifest.xml:18:13-20:85
185                android:name="com.google.firebase.components:com.google.firebase.installations.FirebaseInstallationsRegistrar"
185-->[com.google.firebase:firebase-installations:17.2.0] AndroidManifest.xml:19:17-127
186                android:value="com.google.firebase.components.ComponentRegistrar" />
186-->[com.google.firebase:firebase-installations:17.2.0] AndroidManifest.xml:20:17-82
187            <meta-data
187-->[com.google.firebase:firebase-common-ktx:20.4.3] AndroidManifest.xml:12:13-14:85
188                android:name="com.google.firebase.components:com.google.firebase.ktx.FirebaseCommonLegacyRegistrar"
188-->[com.google.firebase:firebase-common-ktx:20.4.3] AndroidManifest.xml:13:17-116
189                android:value="com.google.firebase.components.ComponentRegistrar" />
189-->[com.google.firebase:firebase-common-ktx:20.4.3] AndroidManifest.xml:14:17-82
190            <meta-data
190-->[com.google.firebase:firebase-common:20.4.3] AndroidManifest.xml:35:13-37:85
191                android:name="com.google.firebase.components:com.google.firebase.FirebaseCommonKtxRegistrar"
191-->[com.google.firebase:firebase-common:20.4.3] AndroidManifest.xml:36:17-109
192                android:value="com.google.firebase.components.ComponentRegistrar" />
192-->[com.google.firebase:firebase-common:20.4.3] AndroidManifest.xml:37:17-82
193            <meta-data
193-->[com.google.firebase:firebase-datatransport:18.1.7] AndroidManifest.xml:27:13-29:85
194                android:name="com.google.firebase.components:com.google.firebase.datatransport.TransportRegistrar"
194-->[com.google.firebase:firebase-datatransport:18.1.7] AndroidManifest.xml:28:17-115
195                android:value="com.google.firebase.components.ComponentRegistrar" />
195-->[com.google.firebase:firebase-datatransport:18.1.7] AndroidManifest.xml:29:17-82
196        </service>
197        <service
197-->[:firebase_messaging] AndroidManifest.xml:16:9-19:72
198            android:name="io.flutter.plugins.firebase.messaging.FlutterFirebaseMessagingBackgroundService"
198-->[:firebase_messaging] AndroidManifest.xml:17:13-107
199            android:exported="false"
199-->[:firebase_messaging] AndroidManifest.xml:18:13-37
200            android:permission="android.permission.BIND_JOB_SERVICE" />
200-->[:firebase_messaging] AndroidManifest.xml:19:13-69
201        <service
201-->[:firebase_messaging] AndroidManifest.xml:20:9-26:19
202            android:name="io.flutter.plugins.firebase.messaging.FlutterFirebaseMessagingService"
202-->[:firebase_messaging] AndroidManifest.xml:21:13-97
203            android:exported="false" >
203-->[:firebase_messaging] AndroidManifest.xml:22:13-37
204            <intent-filter>
204-->[:firebase_messaging] AndroidManifest.xml:23:13-25:29
205                <action android:name="com.google.firebase.MESSAGING_EVENT" />
205-->[:firebase_messaging] AndroidManifest.xml:24:17-78
205-->[:firebase_messaging] AndroidManifest.xml:24:25-75
206            </intent-filter>
207        </service>
208
209        <receiver
209-->[:firebase_messaging] AndroidManifest.xml:28:9-35:20
210            android:name="io.flutter.plugins.firebase.messaging.FlutterFirebaseMessagingReceiver"
210-->[:firebase_messaging] AndroidManifest.xml:29:13-98
211            android:exported="true"
211-->[:firebase_messaging] AndroidManifest.xml:30:13-36
212            android:permission="com.google.android.c2dm.permission.SEND" >
212-->[:firebase_messaging] AndroidManifest.xml:31:13-73
213            <intent-filter>
213-->[:firebase_messaging] AndroidManifest.xml:32:13-34:29
214                <action android:name="com.google.android.c2dm.intent.RECEIVE" />
214-->[:firebase_messaging] AndroidManifest.xml:33:17-81
214-->[:firebase_messaging] AndroidManifest.xml:33:25-78
215            </intent-filter>
216        </receiver>
217
218        <provider
218-->[:firebase_messaging] AndroidManifest.xml:43:9-47:38
219            android:name="io.flutter.plugins.firebase.messaging.FlutterFirebaseMessagingInitProvider"
219-->[:firebase_messaging] AndroidManifest.xml:44:13-102
220            android:authorities="com.example.mobileabsensi.flutterfirebasemessaginginitprovider"
220-->[:firebase_messaging] AndroidManifest.xml:45:13-88
221            android:exported="false"
221-->[:firebase_messaging] AndroidManifest.xml:46:13-37
222            android:initOrder="99" />
222-->[:firebase_messaging] AndroidManifest.xml:47:13-35
223        <provider
223-->[:image_picker_android] AndroidManifest.xml:10:9-18:20
224            android:name="io.flutter.plugins.imagepicker.ImagePickerFileProvider"
224-->[:image_picker_android] AndroidManifest.xml:11:13-82
225            android:authorities="com.example.mobileabsensi.flutter.image_provider"
225-->[:image_picker_android] AndroidManifest.xml:12:13-74
226            android:exported="false"
226-->[:image_picker_android] AndroidManifest.xml:13:13-37
227            android:grantUriPermissions="true" >
227-->[:image_picker_android] AndroidManifest.xml:14:13-47
228            <meta-data
228-->[:image_picker_android] AndroidManifest.xml:15:13-17:75
229                android:name="android.support.FILE_PROVIDER_PATHS"
229-->[:image_picker_android] AndroidManifest.xml:16:17-67
230                android:resource="@xml/flutter_image_picker_file_paths" />
230-->[:image_picker_android] AndroidManifest.xml:17:17-72
231        </provider>
232
233        <activity
233-->[:url_launcher_android] AndroidManifest.xml:10:9-13:74
234            android:name="io.flutter.plugins.urllauncher.WebViewActivity"
234-->[:url_launcher_android] AndroidManifest.xml:11:13-74
235            android:exported="false"
235-->[:url_launcher_android] AndroidManifest.xml:12:13-37
236            android:theme="@android:style/Theme.NoTitleBar.Fullscreen" />
236-->[:url_launcher_android] AndroidManifest.xml:13:13-71
237
238        <service
238-->[me.carda:AndroidAwnCore:0.8.3] AndroidManifest.xml:21:9-28:19
239            android:name="me.carda.awesome_notifications.core.managers.StatusBarManager"
239-->[me.carda:AndroidAwnCore:0.8.3] AndroidManifest.xml:22:13-89
240            android:exported="true"
240-->[me.carda:AndroidAwnCore:0.8.3] AndroidManifest.xml:23:13-36
241            android:label="My Notification Listener Service" >
241-->[me.carda:AndroidAwnCore:0.8.3] AndroidManifest.xml:24:13-61
242            <intent-filter>
242-->[me.carda:AndroidAwnCore:0.8.3] AndroidManifest.xml:25:13-27:29
243                <action android:name="android.service.notification.NotificationListenerService" />
243-->[me.carda:AndroidAwnCore:0.8.3] AndroidManifest.xml:26:17-99
243-->[me.carda:AndroidAwnCore:0.8.3] AndroidManifest.xml:26:25-96
244            </intent-filter>
245        </service>
246        <service
246-->[androidx.room:room-runtime:2.5.0] AndroidManifest.xml:24:9-28:63
247            android:name="androidx.room.MultiInstanceInvalidationService"
247-->[androidx.room:room-runtime:2.5.0] AndroidManifest.xml:25:13-74
248            android:directBootAware="true"